Using pre-set license
Built from '2020.3/release' branch; Version is '2020.3.12f1 (b3b2c6512326) revision 11776710'; Using compiler version '192528614'; Build Type 'Release'
OS: 'Windows 10 Pro; OS build 19041.1165; Version 2004; 64bit' Language: 'tr' Physical Memory: 8050 MB
BatchMode: 1, IsHumanControllingUs: 0, StartBugReporterOnCrash: 0, Is64bit: 1, IsPro: 0

 COMMAND LINE ARGUMENTS:
C:\Program Files\Unity\Hub\Editor\2020.3.12f1\Editor\Unity.exe
-adb2
-batchMode
-noUpm
-name
AssetImportWorker0
-projectPath
C:/Users/Omer/Desktop/UnityProjeleri/BallLauncher/BallLauncherClone
-logFile
Logs/AssetImportWorker0.log
-srvPort
61978
Successfully changed project path to: C:/Users/Omer/Desktop/UnityProjeleri/BallLauncher/BallLauncherClone
C:/Users/Omer/Desktop/UnityProjeleri/BallLauncher/BallLauncherClone
Using Asset Import Pipeline V2.
Refreshing native plugins compatible for Editor in 65.80 ms, found 3 plugins.
Preloading 0 native plugins for Editor in 0.00 ms.
Initialize engine version: 2020.3.12f1 (b3b2c6512326)
[Subsystems] Discovering subsystems at path C:/Program Files/Unity/Hub/Editor/2020.3.12f1/Editor/Data/Resources/UnitySubsystems
[Subsystems] Discovering subsystems at path C:/Users/Omer/Desktop/UnityProjeleri/BallLauncher/BallLauncherClone/Assets
GfxDevice: creating device client; threaded=0
Direct3D:
    Version:  Direct3D 11.0 [level 11.1]
    Renderer: NVIDIA GeForce GTX 1650 (ID=0x1f91)
    Vendor:   
    VRAM:     3962 MB
    Driver:   30.0.14.7141
Initialize mono
Mono path[0] = 'C:/Program Files/Unity/Hub/Editor/2020.3.12f1/Editor/Data/Managed'
Mono path[1] = 'C:/Program Files/Unity/Hub/Editor/2020.3.12f1/Editor/Data/MonoBleedingEdge/lib/mono/unityjit'
Mono config path = 'C:/Program Files/Unity/Hub/Editor/2020.3.12f1/Editor/Data/MonoBleedingEdge/etc'
Using monoOptions --debugger-agent=transport=dt_socket,embedding=1,server=y,suspend=n,address=127.0.0.1:56980
Begin MonoManager ReloadAssembly
Registering precompiled unity dll's ...
Register platform support module: C:/Program Files/Unity/Hub/Editor/2020.3.12f1/Editor/Data/PlaybackEngines/WebGLSupport/UnityEditor.WebGL.Extensions.dll
Register platform support module: C:/Program Files/Unity/Hub/Editor/2020.3.12f1/Editor/Data/PlaybackEngines/WindowsStandaloneSupport/UnityEditor.WindowsStandalone.Extensions.dll
Registered in 0.002145 seconds.
Native extension for WindowsStandalone target not found
Native extension for WebGL target not found
Refreshing native plugins compatible for Editor in 45.80 ms, found 3 plugins.
Preloading 0 native plugins for Editor in 0.00 ms.
Mono: successfully reloaded assembly
- Completed reload, in  3.651 seconds
Platform modules already initialized, skipping
Registering precompiled user dll's ...
Registered in 0.010714 seconds.
Begin MonoManager ReloadAssembly
Native extension for WindowsStandalone target not found
Native extension for WebGL target not found
Refreshing native plugins compatible for Editor in 46.88 ms, found 3 plugins.
Preloading 0 native plugins for Editor in 0.00 ms.
Mono: successfully reloaded assembly
- Completed reload, in  1.231 seconds
Platform modules already initialized, skipping
========================================================================
Worker process is ready to serve import requests
Launched and connected shader compiler UnityShaderCompiler.exe after 0.08 seconds
Refreshing native plugins compatible for Editor in 0.51 ms, found 3 plugins.
Preloading 0 native plugins for Editor in 0.00 ms.
Unloading 2422 Unused Serialized files (Serialized files now loaded: 0)
System memory in use before: 105.6 MB.
System memory in use after: 105.6 MB.

Unloading 35 unused Assets to reduce memory usage. Loaded Objects now: 2857.
Total: 2.886000 ms (FindLiveObjects: 0.259200 ms CreateObjectMapping: 0.136800 ms MarkObjects: 2.357400 ms  DeleteObjects: 0.131500 ms)

AssetImportParameters requested are different than current active one (requested -> active):
  custom:framework-win-MediaFoundation: 216162199b28c13a410421893ffa2e32 -> 
  custom:video-decoder-ogg-theora: a1e56fd34408186e4bbccfd4996cb3dc -> 
  custom:container-muxer-webm: aa71ff27fc2769a1b78a27578f13a17b -> 
  custom:container-demuxer-webm: 4f35f7cbe854078d1ac9338744f61a02 -> 
  custom:container-demuxer-ogg: 62fdf1f143b41e24485cea50d1cbac27 -> 
  custom:video-encoder-webm-vp8: eb34c28f22e8b96e1ab97ce403110664 -> 
  custom:video-decoder-webm-vp8: 9c59270c3fd7afecdb556c50c9e8de78 -> 
  custom:audio-decoder-ogg-vorbis: bf7c407c2cedff20999df2af8eb42d56 -> 
  custom:audio-encoder-webm-vorbis: bf7c407c2cedff20999df2af8eb42d56 -> 
========================================================================
Received Import Request.
  path: Assets/Prefabs/Ball.prefab
  artifactKey: Guid(4f9a57d2c43261a49a3b9c4b23ad121c) Importer(815301076,1909f56bfc062723c751e8b465ee728b)
Start importing Assets/Prefabs/Ball.prefab using Guid(4f9a57d2c43261a49a3b9c4b23ad121c) Importer(815301076,1909f56bfc062723c751e8b465ee728b)  -> (artifact id: '1f593a74a85027a824543ff5ca45ac5f') in 0.138152 seconds 
  Import took 0.142517 seconds .

========================================================================
Received Prepare
Registering precompiled user dll's ...
Registered in 0.020372 seconds.
Begin MonoManager ReloadAssembly
Native extension for WindowsStandalone target not found
Native extension for WebGL target not found
Refreshing native plugins compatible for Editor in 0.48 ms, found 3 plugins.
Preloading 0 native plugins for Editor in 0.00 ms.
Mono: successfully reloaded assembly
- Completed reload, in  1.071 seconds
Platform modules already initialized, skipping
Refreshing native plugins compatible for Editor in 0.74 ms, found 3 plugins.
Preloading 0 native plugins for Editor in 0.00 ms.
Unloading 2417 Unused Serialized files (Serialized files now loaded: 0)
System memory in use before: 108.8 MB.
System memory in use after: 108.8 MB.

Unloading 21 unused Assets to reduce memory usage. Loaded Objects now: 2868.
Total: 2.498000 ms (FindLiveObjects: 0.236500 ms CreateObjectMapping: 0.090700 ms MarkObjects: 2.029400 ms  DeleteObjects: 0.140500 ms)

AssetImportParameters requested are different than current active one (requested -> active):
  custom:framework-win-MediaFoundation: 216162199b28c13a410421893ffa2e32 -> 
  custom:video-decoder-ogg-theora: a1e56fd34408186e4bbccfd4996cb3dc -> 
  custom:container-muxer-webm: aa71ff27fc2769a1b78a27578f13a17b -> 
  custom:container-demuxer-webm: 4f35f7cbe854078d1ac9338744f61a02 -> 
  custom:container-demuxer-ogg: 62fdf1f143b41e24485cea50d1cbac27 -> 
  custom:video-encoder-webm-vp8: eb34c28f22e8b96e1ab97ce403110664 -> 
  custom:video-decoder-webm-vp8: 9c59270c3fd7afecdb556c50c9e8de78 -> 
  custom:audio-decoder-ogg-vorbis: bf7c407c2cedff20999df2af8eb42d56 -> 
  custom:audio-encoder-webm-vorbis: bf7c407c2cedff20999df2af8eb42d56 -> 
========================================================================
Received Prepare
Registering precompiled user dll's ...
Registered in 0.003643 seconds.
Begin MonoManager ReloadAssembly
Native extension for WindowsStandalone target not found
Native extension for WebGL target not found
Refreshing native plugins compatible for Editor in 0.47 ms, found 3 plugins.
Preloading 0 native plugins for Editor in 0.00 ms.
Mono: successfully reloaded assembly
- Completed reload, in  0.984 seconds
Platform modules already initialized, skipping
Refreshing native plugins compatible for Editor in 0.44 ms, found 3 plugins.
Preloading 0 native plugins for Editor in 0.00 ms.
Unloading 2417 Unused Serialized files (Serialized files now loaded: 0)
System memory in use before: 108.8 MB.
System memory in use after: 108.9 MB.

Unloading 21 unused Assets to reduce memory usage. Loaded Objects now: 2872.
Total: 2.440000 ms (FindLiveObjects: 0.189800 ms CreateObjectMapping: 0.084700 ms MarkObjects: 2.075800 ms  DeleteObjects: 0.089200 ms)

AssetImportParameters requested are different than current active one (requested -> active):
  custom:framework-win-MediaFoundation: 216162199b28c13a410421893ffa2e32 -> 
  custom:video-decoder-ogg-theora: a1e56fd34408186e4bbccfd4996cb3dc -> 
  custom:container-muxer-webm: aa71ff27fc2769a1b78a27578f13a17b -> 
  custom:container-demuxer-webm: 4f35f7cbe854078d1ac9338744f61a02 -> 
  custom:container-demuxer-ogg: 62fdf1f143b41e24485cea50d1cbac27 -> 
  custom:video-encoder-webm-vp8: eb34c28f22e8b96e1ab97ce403110664 -> 
  custom:video-decoder-webm-vp8: 9c59270c3fd7afecdb556c50c9e8de78 -> 
  custom:audio-decoder-ogg-vorbis: bf7c407c2cedff20999df2af8eb42d56 -> 
  custom:audio-encoder-webm-vorbis: bf7c407c2cedff20999df2af8eb42d56 -> 
========================================================================
Received Prepare
Registering precompiled user dll's ...
Registered in 0.008012 seconds.
Begin MonoManager ReloadAssembly
Native extension for WindowsStandalone target not found
Native extension for WebGL target not found
Refreshing native plugins compatible for Editor in 0.46 ms, found 3 plugins.
Preloading 0 native plugins for Editor in 0.00 ms.
Mono: successfully reloaded assembly
- Completed reload, in  0.919 seconds
Platform modules already initialized, skipping
Refreshing native plugins compatible for Editor in 0.52 ms, found 3 plugins.
Preloading 0 native plugins for Editor in 0.00 ms.
Unloading 2417 Unused Serialized files (Serialized files now loaded: 0)
System memory in use before: 108.8 MB.
System memory in use after: 108.9 MB.

Unloading 21 unused Assets to reduce memory usage. Loaded Objects now: 2876.
Total: 2.419300 ms (FindLiveObjects: 0.223000 ms CreateObjectMapping: 0.083000 ms MarkObjects: 2.015100 ms  DeleteObjects: 0.097400 ms)

AssetImportParameters requested are different than current active one (requested -> active):
  custom:framework-win-MediaFoundation: 216162199b28c13a410421893ffa2e32 -> 
  custom:video-decoder-ogg-theora: a1e56fd34408186e4bbccfd4996cb3dc -> 
  custom:container-muxer-webm: aa71ff27fc2769a1b78a27578f13a17b -> 
  custom:container-demuxer-webm: 4f35f7cbe854078d1ac9338744f61a02 -> 
  custom:container-demuxer-ogg: 62fdf1f143b41e24485cea50d1cbac27 -> 
  custom:video-encoder-webm-vp8: eb34c28f22e8b96e1ab97ce403110664 -> 
  custom:video-decoder-webm-vp8: 9c59270c3fd7afecdb556c50c9e8de78 -> 
  custom:audio-decoder-ogg-vorbis: bf7c407c2cedff20999df2af8eb42d56 -> 
  custom:audio-encoder-webm-vorbis: bf7c407c2cedff20999df2af8eb42d56 -> 
========================================================================
Received Prepare
Registering precompiled user dll's ...
Registered in 0.003825 seconds.
Begin MonoManager ReloadAssembly
Native extension for WindowsStandalone target not found
Native extension for WebGL target not found
Refreshing native plugins compatible for Editor in 0.68 ms, found 3 plugins.
Preloading 0 native plugins for Editor in 0.00 ms.
Mono: successfully reloaded assembly
- Completed reload, in  1.058 seconds
Platform modules already initialized, skipping
Refreshing native plugins compatible for Editor in 1.07 ms, found 3 plugins.
Preloading 0 native plugins for Editor in 0.00 ms.
Unloading 2417 Unused Serialized files (Serialized files now loaded: 0)
System memory in use before: 108.9 MB.
System memory in use after: 108.9 MB.

Unloading 21 unused Assets to reduce memory usage. Loaded Objects now: 2880.
Total: 4.348700 ms (FindLiveObjects: 1.048000 ms CreateObjectMapping: 0.403000 ms MarkObjects: 2.780200 ms  DeleteObjects: 0.114400 ms)

AssetImportParameters requested are different than current active one (requested -> active):
  custom:framework-win-MediaFoundation: 216162199b28c13a410421893ffa2e32 -> 
  custom:video-decoder-ogg-theora: a1e56fd34408186e4bbccfd4996cb3dc -> 
  custom:container-muxer-webm: aa71ff27fc2769a1b78a27578f13a17b -> 
  custom:container-demuxer-webm: 4f35f7cbe854078d1ac9338744f61a02 -> 
  custom:container-demuxer-ogg: 62fdf1f143b41e24485cea50d1cbac27 -> 
  custom:video-encoder-webm-vp8: eb34c28f22e8b96e1ab97ce403110664 -> 
  custom:video-decoder-webm-vp8: 9c59270c3fd7afecdb556c50c9e8de78 -> 
  custom:audio-decoder-ogg-vorbis: bf7c407c2cedff20999df2af8eb42d56 -> 
  custom:audio-encoder-webm-vorbis: bf7c407c2cedff20999df2af8eb42d56 -> 
========================================================================
Received Prepare
Registering precompiled user dll's ...
Registered in 0.010359 seconds.
Begin MonoManager ReloadAssembly
Native extension for WindowsStandalone target not found
Native extension for WebGL target not found
Refreshing native plugins compatible for Editor in 0.76 ms, found 3 plugins.
Preloading 0 native plugins for Editor in 0.00 ms.
Invalid AssetDatabase path: /Editor/EditorResources/cm_logo_sm.png. Use path relative to the project folder.
UnityEngine.StackTraceUtility:ExtractStackTrace ()
UnityEditor.AssetDatabase:LoadAssetAtPath<UnityEngine.Texture2D> (string)
Cinemachine.Editor.CinemachineSettings:get_CinemachineLogoTexture () (at Library/PackageCache/com.unity.cinemachine@2.6.10/Editor/Windows/CinemachineSettings.cs:205)
Cinemachine.Editor.CinemachineSettings:.cctor () (at Library/PackageCache/com.unity.cinemachine@2.6.10/Editor/Windows/CinemachineSettings.cs:237)
Cinemachine.CinemachineColliderPrefs:.cctor () (at Library/PackageCache/com.unity.cinemachine@2.6.10/Editor/Windows/CinemachineColliderPrefs.cs:61)
System.Runtime.CompilerServices.RuntimeHelpers:RunClassConstructor (System.RuntimeTypeHandle)
UnityEditor.EditorAssemblies:ProcessInitializeOnLoadAttributes (System.Type[])

[Library/PackageCache/com.unity.cinemachine@2.6.10/Editor/Windows/CinemachineSettings.cs line 205]

Mono: successfully reloaded assembly
- Completed reload, in  0.983 seconds
Platform modules already initialized, skipping
Refreshing native plugins compatible for Editor in 0.48 ms, found 3 plugins.
Preloading 0 native plugins for Editor in 0.00 ms.
Unloading 2564 Unused Serialized files (Serialized files now loaded: 0)
System memory in use before: 113.6 MB.
System memory in use after: 113.6 MB.

Unloading 22 unused Assets to reduce memory usage. Loaded Objects now: 3030.
Total: 2.572400 ms (FindLiveObjects: 0.241700 ms CreateObjectMapping: 0.091600 ms MarkObjects: 2.077800 ms  DeleteObjects: 0.160500 ms)

AssetImportParameters requested are different than current active one (requested -> active):
  custom:framework-win-MediaFoundation: 216162199b28c13a410421893ffa2e32 -> 
  custom:video-decoder-ogg-theora: a1e56fd34408186e4bbccfd4996cb3dc -> 
  custom:container-muxer-webm: aa71ff27fc2769a1b78a27578f13a17b -> 
  custom:container-demuxer-webm: 4f35f7cbe854078d1ac9338744f61a02 -> 
  custom:container-demuxer-ogg: 62fdf1f143b41e24485cea50d1cbac27 -> 
  custom:video-encoder-webm-vp8: eb34c28f22e8b96e1ab97ce403110664 -> 
  custom:video-decoder-webm-vp8: 9c59270c3fd7afecdb556c50c9e8de78 -> 
  custom:audio-decoder-ogg-vorbis: bf7c407c2cedff20999df2af8eb42d56 -> 
  custom:audio-encoder-webm-vorbis: bf7c407c2cedff20999df2af8eb42d56 -> 
========================================================================
Received Prepare
Registering precompiled user dll's ...
Registered in 0.004263 seconds.
Begin MonoManager ReloadAssembly
Native extension for WindowsStandalone target not found
Native extension for WebGL target not found
Refreshing native plugins compatible for Editor in 0.49 ms, found 3 plugins.
Preloading 0 native plugins for Editor in 0.00 ms.
Mono: successfully reloaded assembly
- Completed reload, in  1.085 seconds
Platform modules already initialized, skipping
Refreshing native plugins compatible for Editor in 0.48 ms, found 3 plugins.
Preloading 0 native plugins for Editor in 0.00 ms.
Unloading 2565 Unused Serialized files (Serialized files now loaded: 0)
System memory in use before: 113.8 MB.
System memory in use after: 113.9 MB.

Unloading 23 unused Assets to reduce memory usage. Loaded Objects now: 3035.
Total: 2.683900 ms (FindLiveObjects: 0.239100 ms CreateObjectMapping: 0.094900 ms MarkObjects: 2.239000 ms  DeleteObjects: 0.110000 ms)

AssetImportParameters requested are different than current active one (requested -> active):
  custom:framework-win-MediaFoundation: 216162199b28c13a410421893ffa2e32 -> 
  custom:video-decoder-ogg-theora: a1e56fd34408186e4bbccfd4996cb3dc -> 
  custom:container-muxer-webm: aa71ff27fc2769a1b78a27578f13a17b -> 
  custom:container-demuxer-webm: 4f35f7cbe854078d1ac9338744f61a02 -> 
  custom:container-demuxer-ogg: 62fdf1f143b41e24485cea50d1cbac27 -> 
  custom:video-encoder-webm-vp8: eb34c28f22e8b96e1ab97ce403110664 -> 
  custom:video-decoder-webm-vp8: 9c59270c3fd7afecdb556c50c9e8de78 -> 
  custom:audio-decoder-ogg-vorbis: bf7c407c2cedff20999df2af8eb42d56 -> 
  custom:audio-encoder-webm-vorbis: bf7c407c2cedff20999df2af8eb42d56 -> 
========================================================================
Received Prepare
Registering precompiled user dll's ...
Registered in 0.004013 seconds.
Begin MonoManager ReloadAssembly
Native extension for WindowsStandalone target not found
Native extension for WebGL target not found
Refreshing native plugins compatible for Editor in 0.48 ms, found 3 plugins.
Preloading 0 native plugins for Editor in 0.00 ms.
Mono: successfully reloaded assembly
- Completed reload, in  1.037 seconds
Platform modules already initialized, skipping
Refreshing native plugins compatible for Editor in 0.48 ms, found 3 plugins.
Preloading 0 native plugins for Editor in 0.00 ms.
Unloading 2564 Unused Serialized files (Serialized files now loaded: 0)
System memory in use before: 113.8 MB.
System memory in use after: 113.8 MB.

Unloading 23 unused Assets to reduce memory usage. Loaded Objects now: 3039.
Total: 2.799000 ms (FindLiveObjects: 0.237000 ms CreateObjectMapping: 0.100100 ms MarkObjects: 2.354500 ms  DeleteObjects: 0.106400 ms)

AssetImportParameters requested are different than current active one (requested -> active):
  custom:framework-win-MediaFoundation: 216162199b28c13a410421893ffa2e32 -> 
  custom:video-decoder-ogg-theora: a1e56fd34408186e4bbccfd4996cb3dc -> 
  custom:container-muxer-webm: aa71ff27fc2769a1b78a27578f13a17b -> 
  custom:container-demuxer-webm: 4f35f7cbe854078d1ac9338744f61a02 -> 
  custom:container-demuxer-ogg: 62fdf1f143b41e24485cea50d1cbac27 -> 
  custom:video-encoder-webm-vp8: eb34c28f22e8b96e1ab97ce403110664 -> 
  custom:video-decoder-webm-vp8: 9c59270c3fd7afecdb556c50c9e8de78 -> 
  custom:audio-decoder-ogg-vorbis: bf7c407c2cedff20999df2af8eb42d56 -> 
  custom:audio-encoder-webm-vorbis: bf7c407c2cedff20999df2af8eb42d56 -> 
========================================================================
Received Prepare
Registering precompiled user dll's ...
Registered in 0.010059 seconds.
Begin MonoManager ReloadAssembly
Native extension for WindowsStandalone target not found
Native extension for WebGL target not found
Refreshing native plugins compatible for Editor in 0.60 ms, found 3 plugins.
Preloading 0 native plugins for Editor in 0.00 ms.
Mono: successfully reloaded assembly
- Completed reload, in  1.281 seconds
Platform modules already initialized, skipping
Switching build target platform(19) subTarget(0) extendedPlatform(0) -> platform(13) subTarget(537395200) extendedPlatform(0)
Refreshing native plugins compatible for Editor in 0.70 ms, found 3 plugins.
Preloading 0 native plugins for Editor in 0.00 ms.
Unloading 2568 Unused Serialized files (Serialized files now loaded: 0)
System memory in use before: 113.8 MB.
System memory in use after: 113.9 MB.

Unloading 23 unused Assets to reduce memory usage. Loaded Objects now: 3043.
Total: 6.049100 ms (FindLiveObjects: 1.045700 ms CreateObjectMapping: 0.386600 ms MarkObjects: 4.383700 ms  DeleteObjects: 0.230500 ms)

AssetImportParameters requested are different than current active one (requested -> active):
  custom:framework-win-MediaFoundation: 216162199b28c13a410421893ffa2e32 -> 
  custom:video-decoder-ogg-theora: a1e56fd34408186e4bbccfd4996cb3dc -> 
  custom:container-muxer-webm: aa71ff27fc2769a1b78a27578f13a17b -> 
  custom:container-demuxer-webm: 4f35f7cbe854078d1ac9338744f61a02 -> 
  custom:container-demuxer-ogg: 62fdf1f143b41e24485cea50d1cbac27 -> 
  custom:video-encoder-webm-vp8: eb34c28f22e8b96e1ab97ce403110664 -> 
  custom:video-decoder-webm-vp8: 9c59270c3fd7afecdb556c50c9e8de78 -> 
  custom:graphics/normal-map-encoding: 01000000000000000000000000000000 -> 02000000000000000000000000000000
  custom:audio-decoder-ogg-vorbis: bf7c407c2cedff20999df2af8eb42d56 -> 
  custom:audio-encoder-webm-vorbis: bf7c407c2cedff20999df2af8eb42d56 -> 
========================================================================
Received Prepare
Refreshing native plugins compatible for Editor in 4.42 ms, found 3 plugins.
Preloading 0 native plugins for Editor in 0.00 ms.
Unloading 20 Unused Serialized files (Serialized files now loaded: 0)
System memory in use before: 63.5 MB.
System memory in use after: 63.5 MB.

Unloading 20 unused Assets to reduce memory usage. Loaded Objects now: 3043.
Total: 3.000500 ms (FindLiveObjects: 0.266700 ms CreateObjectMapping: 0.131700 ms MarkObjects: 2.488100 ms  DeleteObjects: 0.113100 ms)

AssetImportParameters requested are different than current active one (requested -> active):
  custom:framework-win-MediaFoundation: 216162199b28c13a410421893ffa2e32 -> 
  custom:video-decoder-ogg-theora: a1e56fd34408186e4bbccfd4996cb3dc -> 
  custom:container-muxer-webm: aa71ff27fc2769a1b78a27578f13a17b -> 
  custom:container-demuxer-webm: 4f35f7cbe854078d1ac9338744f61a02 -> 
  custom:container-demuxer-ogg: 62fdf1f143b41e24485cea50d1cbac27 -> 
  custom:video-encoder-webm-vp8: eb34c28f22e8b96e1ab97ce403110664 -> 
  custom:video-decoder-webm-vp8: 9c59270c3fd7afecdb556c50c9e8de78 -> 
  custom:audio-decoder-ogg-vorbis: bf7c407c2cedff20999df2af8eb42d56 -> 
  custom:audio-encoder-webm-vorbis: bf7c407c2cedff20999df2af8eb42d56 -> 
========================================================================
Received Prepare
Registering precompiled user dll's ...
Registered in 0.031506 seconds.
Begin MonoManager ReloadAssembly
Native extension for WindowsStandalone target not found
Native extension for WebGL target not found
Refreshing native plugins compatible for Editor in 0.80 ms, found 3 plugins.
Preloading 0 native plugins for Editor in 0.00 ms.
Mono: successfully reloaded assembly
- Completed reload, in  1.062 seconds
Platform modules already initialized, skipping
Switching build target platform(19) subTarget(0) extendedPlatform(0) -> platform(13) subTarget(537395200) extendedPlatform(0)
Refreshing native plugins compatible for Editor in 0.53 ms, found 3 plugins.
Preloading 0 native plugins for Editor in 0.00 ms.
Unloading 2568 Unused Serialized files (Serialized files now loaded: 0)
System memory in use before: 113.8 MB.
System memory in use after: 113.9 MB.

Unloading 23 unused Assets to reduce memory usage. Loaded Objects now: 3047.
Total: 2.551200 ms (FindLiveObjects: 0.227500 ms CreateObjectMapping: 0.086700 ms MarkObjects: 2.129800 ms  DeleteObjects: 0.106500 ms)

AssetImportParameters requested are different than current active one (requested -> active):
  custom:framework-win-MediaFoundation: 216162199b28c13a410421893ffa2e32 -> 
  custom:video-decoder-ogg-theora: a1e56fd34408186e4bbccfd4996cb3dc -> 
  custom:container-muxer-webm: aa71ff27fc2769a1b78a27578f13a17b -> 
  custom:container-demuxer-webm: 4f35f7cbe854078d1ac9338744f61a02 -> 
  custom:container-demuxer-ogg: 62fdf1f143b41e24485cea50d1cbac27 -> 
  custom:video-encoder-webm-vp8: eb34c28f22e8b96e1ab97ce403110664 -> 
  custom:video-decoder-webm-vp8: 9c59270c3fd7afecdb556c50c9e8de78 -> 
  custom:graphics/normal-map-encoding: 01000000000000000000000000000000 -> 02000000000000000000000000000000
  custom:audio-decoder-ogg-vorbis: bf7c407c2cedff20999df2af8eb42d56 -> 
  custom:audio-encoder-webm-vorbis: bf7c407c2cedff20999df2af8eb42d56 -> 
========================================================================
Received Prepare
Registering precompiled user dll's ...
Registered in 0.003666 seconds.
Begin MonoManager ReloadAssembly
Native extension for WindowsStandalone target not found
Native extension for WebGL target not found
Refreshing native plugins compatible for Editor in 0.47 ms, found 3 plugins.
Preloading 0 native plugins for Editor in 0.00 ms.
Mono: successfully reloaded assembly
- Completed reload, in  1.041 seconds
Platform modules already initialized, skipping
Switching build target platform(19) subTarget(0) extendedPlatform(0) -> platform(13) subTarget(537395200) extendedPlatform(0)
Refreshing native plugins compatible for Editor in 0.55 ms, found 3 plugins.
Preloading 0 native plugins for Editor in 0.00 ms.
Unloading 2568 Unused Serialized files (Serialized files now loaded: 0)
System memory in use before: 113.8 MB.
System memory in use after: 113.8 MB.

Unloading 23 unused Assets to reduce memory usage. Loaded Objects now: 3051.
Total: 2.827700 ms (FindLiveObjects: 0.251600 ms CreateObjectMapping: 0.096100 ms MarkObjects: 2.367600 ms  DeleteObjects: 0.111400 ms)

AssetImportParameters requested are different than current active one (requested -> active):
  custom:framework-win-MediaFoundation: 216162199b28c13a410421893ffa2e32 -> 
  custom:video-decoder-ogg-theora: a1e56fd34408186e4bbccfd4996cb3dc -> 
  custom:container-muxer-webm: aa71ff27fc2769a1b78a27578f13a17b -> 
  custom:container-demuxer-webm: 4f35f7cbe854078d1ac9338744f61a02 -> 
  custom:container-demuxer-ogg: 62fdf1f143b41e24485cea50d1cbac27 -> 
  custom:video-encoder-webm-vp8: eb34c28f22e8b96e1ab97ce403110664 -> 
  custom:video-decoder-webm-vp8: 9c59270c3fd7afecdb556c50c9e8de78 -> 
  custom:graphics/normal-map-encoding: 01000000000000000000000000000000 -> 02000000000000000000000000000000
  custom:audio-decoder-ogg-vorbis: bf7c407c2cedff20999df2af8eb42d56 -> 
  custom:audio-encoder-webm-vorbis: bf7c407c2cedff20999df2af8eb42d56 -> 
========================================================================
Received Prepare
Registering precompiled user dll's ...
Registered in 0.003847 seconds.
Begin MonoManager ReloadAssembly
Native extension for WindowsStandalone target not found
Native extension for WebGL target not found
Refreshing native plugins compatible for Editor in 0.48 ms, found 3 plugins.
Preloading 0 native plugins for Editor in 0.00 ms.
Mono: successfully reloaded assembly
- Completed reload, in  1.083 seconds
Platform modules already initialized, skipping
Switching build target platform(19) subTarget(0) extendedPlatform(0) -> platform(13) subTarget(537395200) extendedPlatform(0)
Refreshing native plugins compatible for Editor in 0.46 ms, found 3 plugins.
Preloading 0 native plugins for Editor in 0.00 ms.
Unloading 2568 Unused Serialized files (Serialized files now loaded: 0)
System memory in use before: 113.9 MB.
System memory in use after: 113.9 MB.

Unloading 23 unused Assets to reduce memory usage. Loaded Objects now: 3055.
Total: 2.518100 ms (FindLiveObjects: 0.227100 ms CreateObjectMapping: 0.091800 ms MarkObjects: 2.096300 ms  DeleteObjects: 0.102200 ms)

AssetImportParameters requested are different than current active one (requested -> active):
  custom:framework-win-MediaFoundation: 216162199b28c13a410421893ffa2e32 -> 
  custom:video-decoder-ogg-theora: a1e56fd34408186e4bbccfd4996cb3dc -> 
  custom:container-muxer-webm: aa71ff27fc2769a1b78a27578f13a17b -> 
  custom:container-demuxer-webm: 4f35f7cbe854078d1ac9338744f61a02 -> 
  custom:container-demuxer-ogg: 62fdf1f143b41e24485cea50d1cbac27 -> 
  custom:video-encoder-webm-vp8: eb34c28f22e8b96e1ab97ce403110664 -> 
  custom:video-decoder-webm-vp8: 9c59270c3fd7afecdb556c50c9e8de78 -> 
  custom:graphics/normal-map-encoding: 01000000000000000000000000000000 -> 02000000000000000000000000000000
  custom:audio-decoder-ogg-vorbis: bf7c407c2cedff20999df2af8eb42d56 -> 
  custom:audio-encoder-webm-vorbis: bf7c407c2cedff20999df2af8eb42d56 -> 
========================================================================
Received Import Request.
  Time since last request: 2698.533775 seconds.
  path: Assets/Prefabs/Ball.prefab
  artifactKey: Guid(4f9a57d2c43261a49a3b9c4b23ad121c) Importer(815301076,1909f56bfc062723c751e8b465ee728b)
Start importing Assets/Prefabs/Ball.prefab using Guid(4f9a57d2c43261a49a3b9c4b23ad121c) Importer(815301076,1909f56bfc062723c751e8b465ee728b)  -> (artifact id: '8e9b96f2dc0269c8fe80db169b4b6a88') in 0.163035 seconds 
  Import took 0.171138 seconds .

========================================================================
Received Import Request.
  Time since last request: 8.748070 seconds.
  path: Assets/Prefabs/Ball.prefab
  artifactKey: Guid(4f9a57d2c43261a49a3b9c4b23ad121c) Importer(815301076,1909f56bfc062723c751e8b465ee728b)
Start importing Assets/Prefabs/Ball.prefab using Guid(4f9a57d2c43261a49a3b9c4b23ad121c) Importer(815301076,1909f56bfc062723c751e8b465ee728b)  -> (artifact id: '190d80014edc2bca551c1cb60dd05aad') in 0.009387 seconds 
  Import took 0.013141 seconds .

========================================================================
Received Prepare
Registering precompiled user dll's ...
Registered in 0.003591 seconds.
Begin MonoManager ReloadAssembly
Native extension for WindowsStandalone target not found
Native extension for WebGL target not found
Refreshing native plugins compatible for Editor in 0.47 ms, found 3 plugins.
Preloading 0 native plugins for Editor in 0.00 ms.
Mono: successfully reloaded assembly
- Completed reload, in  1.109 seconds
Platform modules already initialized, skipping
Switching build target platform(19) subTarget(0) extendedPlatform(0) -> platform(13) subTarget(537395200) extendedPlatform(0)
Refreshing native plugins compatible for Editor in 0.79 ms, found 3 plugins.
Preloading 0 native plugins for Editor in 0.00 ms.
Unloading 2568 Unused Serialized files (Serialized files now loaded: 0)
System memory in use before: 113.9 MB.
System memory in use after: 113.9 MB.

Unloading 23 unused Assets to reduce memory usage. Loaded Objects now: 3060.
Total: 2.717500 ms (FindLiveObjects: 0.237700 ms CreateObjectMapping: 0.093400 ms MarkObjects: 2.278000 ms  DeleteObjects: 0.107500 ms)

AssetImportParameters requested are different than current active one (requested -> active):
  custom:framework-win-MediaFoundation: 216162199b28c13a410421893ffa2e32 -> 
  custom:video-decoder-ogg-theora: a1e56fd34408186e4bbccfd4996cb3dc -> 
  custom:container-muxer-webm: aa71ff27fc2769a1b78a27578f13a17b -> 
  custom:container-demuxer-webm: 4f35f7cbe854078d1ac9338744f61a02 -> 
  custom:container-demuxer-ogg: 62fdf1f143b41e24485cea50d1cbac27 -> 
  custom:video-encoder-webm-vp8: eb34c28f22e8b96e1ab97ce403110664 -> 
  custom:video-decoder-webm-vp8: 9c59270c3fd7afecdb556c50c9e8de78 -> 
  custom:graphics/normal-map-encoding: 01000000000000000000000000000000 -> 02000000000000000000000000000000
  custom:audio-decoder-ogg-vorbis: bf7c407c2cedff20999df2af8eb42d56 -> 
  custom:audio-encoder-webm-vorbis: bf7c407c2cedff20999df2af8eb42d56 -> 
========================================================================
Received Import Request.
  Time since last request: 68.894482 seconds.
  path: Assets/Prefabs/Ball.prefab
  artifactKey: Guid(4f9a57d2c43261a49a3b9c4b23ad121c) Importer(815301076,1909f56bfc062723c751e8b465ee728b)
Start importing Assets/Prefabs/Ball.prefab using Guid(4f9a57d2c43261a49a3b9c4b23ad121c) Importer(815301076,1909f56bfc062723c751e8b465ee728b)  -> (artifact id: '27bbc1311c434ba685cae28eff51d88e') in 0.050479 seconds 
  Import took 0.055210 seconds .

========================================================================
Received Prepare
Registering precompiled user dll's ...
Registered in 0.004077 seconds.
Begin MonoManager ReloadAssembly
Native extension for WindowsStandalone target not found
Native extension for WebGL target not found
Refreshing native plugins compatible for Editor in 0.97 ms, found 3 plugins.
Preloading 0 native plugins for Editor in 0.00 ms.
Mono: successfully reloaded assembly
- Completed reload, in  1.655 seconds
Platform modules already initialized, skipping
Switching build target platform(19) subTarget(0) extendedPlatform(0) -> platform(13) subTarget(537395200) extendedPlatform(0)
Refreshing native plugins compatible for Editor in 1.28 ms, found 3 plugins.
Preloading 0 native plugins for Editor in 0.00 ms.
Unloading 2568 Unused Serialized files (Serialized files now loaded: 0)
System memory in use before: 113.9 MB.
System memory in use after: 114.0 MB.

Unloading 23 unused Assets to reduce memory usage. Loaded Objects now: 3065.
Total: 5.376000 ms (FindLiveObjects: 0.647000 ms CreateObjectMapping: 0.384200 ms MarkObjects: 4.156300 ms  DeleteObjects: 0.185900 ms)

AssetImportParameters requested are different than current active one (requested -> active):
  custom:framework-win-MediaFoundation: 216162199b28c13a410421893ffa2e32 -> 
  custom:video-decoder-ogg-theora: a1e56fd34408186e4bbccfd4996cb3dc -> 
  custom:container-muxer-webm: aa71ff27fc2769a1b78a27578f13a17b -> 
  custom:container-demuxer-webm: 4f35f7cbe854078d1ac9338744f61a02 -> 
  custom:container-demuxer-ogg: 62fdf1f143b41e24485cea50d1cbac27 -> 
  custom:video-encoder-webm-vp8: eb34c28f22e8b96e1ab97ce403110664 -> 
  custom:video-decoder-webm-vp8: 9c59270c3fd7afecdb556c50c9e8de78 -> 
  custom:graphics/normal-map-encoding: 01000000000000000000000000000000 -> 02000000000000000000000000000000
  custom:audio-decoder-ogg-vorbis: bf7c407c2cedff20999df2af8eb42d56 -> 
  custom:audio-encoder-webm-vorbis: bf7c407c2cedff20999df2af8eb42d56 -> 
========================================================================
Received Prepare
Registering precompiled user dll's ...
Registered in 0.009670 seconds.
Begin MonoManager ReloadAssembly
Native extension for WindowsStandalone target not found
Native extension for WebGL target not found
Refreshing native plugins compatible for Editor in 0.49 ms, found 3 plugins.
Preloading 0 native plugins for Editor in 0.00 ms.
Mono: successfully reloaded assembly
- Completed reload, in  1.166 seconds
Platform modules already initialized, skipping
Switching build target platform(19) subTarget(0) extendedPlatform(0) -> platform(13) subTarget(537395200) extendedPlatform(0)
Refreshing native plugins compatible for Editor in 0.50 ms, found 3 plugins.
Preloading 0 native plugins for Editor in 0.00 ms.
Unloading 2568 Unused Serialized files (Serialized files now loaded: 0)
System memory in use before: 113.9 MB.
System memory in use after: 114.0 MB.

Unloading 23 unused Assets to reduce memory usage. Loaded Objects now: 3069.
Total: 2.708100 ms (FindLiveObjects: 0.248100 ms CreateObjectMapping: 0.102100 ms MarkObjects: 2.242100 ms  DeleteObjects: 0.114900 ms)

AssetImportParameters requested are different than current active one (requested -> active):
  custom:framework-win-MediaFoundation: 216162199b28c13a410421893ffa2e32 -> 
  custom:video-decoder-ogg-theora: a1e56fd34408186e4bbccfd4996cb3dc -> 
  custom:container-muxer-webm: aa71ff27fc2769a1b78a27578f13a17b -> 
  custom:container-demuxer-webm: 4f35f7cbe854078d1ac9338744f61a02 -> 
  custom:container-demuxer-ogg: 62fdf1f143b41e24485cea50d1cbac27 -> 
  custom:video-encoder-webm-vp8: eb34c28f22e8b96e1ab97ce403110664 -> 
  custom:video-decoder-webm-vp8: 9c59270c3fd7afecdb556c50c9e8de78 -> 
  custom:graphics/normal-map-encoding: 01000000000000000000000000000000 -> 02000000000000000000000000000000
  custom:audio-decoder-ogg-vorbis: bf7c407c2cedff20999df2af8eb42d56 -> 
  custom:audio-encoder-webm-vorbis: bf7c407c2cedff20999df2af8eb42d56 -> 
========================================================================
Received Prepare
Registering precompiled user dll's ...
Registered in 0.004477 seconds.
Begin MonoManager ReloadAssembly
Native extension for WindowsStandalone target not found
Native extension for WebGL target not found
Refreshing native plugins compatible for Editor in 0.48 ms, found 3 plugins.
Preloading 0 native plugins for Editor in 0.00 ms.
Mono: successfully reloaded assembly
- Completed reload, in  1.062 seconds
Platform modules already initialized, skipping
Switching build target platform(19) subTarget(0) extendedPlatform(0) -> platform(13) subTarget(537395200) extendedPlatform(0)
Refreshing native plugins compatible for Editor in 0.46 ms, found 3 plugins.
Preloading 0 native plugins for Editor in 0.00 ms.
Unloading 2568 Unused Serialized files (Serialized files now loaded: 0)
System memory in use before: 113.8 MB.
System memory in use after: 113.9 MB.

Unloading 23 unused Assets to reduce memory usage. Loaded Objects now: 3073.
Total: 2.577400 ms (FindLiveObjects: 0.238000 ms CreateObjectMapping: 0.091200 ms MarkObjects: 2.110400 ms  DeleteObjects: 0.137100 ms)

AssetImportParameters requested are different than current active one (requested -> active):
  custom:framework-win-MediaFoundation: 216162199b28c13a410421893ffa2e32 -> 
  custom:video-decoder-ogg-theora: a1e56fd34408186e4bbccfd4996cb3dc -> 
  custom:container-muxer-webm: aa71ff27fc2769a1b78a27578f13a17b -> 
  custom:container-demuxer-webm: 4f35f7cbe854078d1ac9338744f61a02 -> 
  custom:container-demuxer-ogg: 62fdf1f143b41e24485cea50d1cbac27 -> 
  custom:video-encoder-webm-vp8: eb34c28f22e8b96e1ab97ce403110664 -> 
  custom:video-decoder-webm-vp8: 9c59270c3fd7afecdb556c50c9e8de78 -> 
  custom:graphics/normal-map-encoding: 01000000000000000000000000000000 -> 02000000000000000000000000000000
  custom:audio-decoder-ogg-vorbis: bf7c407c2cedff20999df2af8eb42d56 -> 
  custom:audio-encoder-webm-vorbis: bf7c407c2cedff20999df2af8eb42d56 -> 
========================================================================
Received Prepare
Registering precompiled user dll's ...
Registered in 0.018205 seconds.
Begin MonoManager ReloadAssembly
Native extension for WindowsStandalone target not found
Native extension for WebGL target not found
Refreshing native plugins compatible for Editor in 0.52 ms, found 3 plugins.
Preloading 0 native plugins for Editor in 0.00 ms.
Mono: successfully reloaded assembly
- Completed reload, in  1.133 seconds
Platform modules already initialized, skipping
Switching build target platform(19) subTarget(0) extendedPlatform(0) -> platform(13) subTarget(537395200) extendedPlatform(0)
Refreshing native plugins compatible for Editor in 0.89 ms, found 3 plugins.
Preloading 0 native plugins for Editor in 0.00 ms.
Unloading 2568 Unused Serialized files (Serialized files now loaded: 0)
System memory in use before: 113.9 MB.
System memory in use after: 114.0 MB.

Unloading 23 unused Assets to reduce memory usage. Loaded Objects now: 3077.
Total: 2.774200 ms (FindLiveObjects: 0.291000 ms CreateObjectMapping: 0.108300 ms MarkObjects: 2.242700 ms  DeleteObjects: 0.131300 ms)

AssetImportParameters requested are different than current active one (requested -> active):
  custom:framework-win-MediaFoundation: 216162199b28c13a410421893ffa2e32 -> 
  custom:video-decoder-ogg-theora: a1e56fd34408186e4bbccfd4996cb3dc -> 
  custom:container-muxer-webm: aa71ff27fc2769a1b78a27578f13a17b -> 
  custom:container-demuxer-webm: 4f35f7cbe854078d1ac9338744f61a02 -> 
  custom:container-demuxer-ogg: 62fdf1f143b41e24485cea50d1cbac27 -> 
  custom:video-encoder-webm-vp8: eb34c28f22e8b96e1ab97ce403110664 -> 
  custom:video-decoder-webm-vp8: 9c59270c3fd7afecdb556c50c9e8de78 -> 
  custom:graphics/normal-map-encoding: 01000000000000000000000000000000 -> 02000000000000000000000000000000
  custom:audio-decoder-ogg-vorbis: bf7c407c2cedff20999df2af8eb42d56 -> 
  custom:audio-encoder-webm-vorbis: bf7c407c2cedff20999df2af8eb42d56 -> 
========================================================================
Received Prepare
Registering precompiled user dll's ...
Registered in 0.004045 seconds.
Begin MonoManager ReloadAssembly
Native extension for WindowsStandalone target not found
Native extension for WebGL target not found
Refreshing native plugins compatible for Editor in 0.63 ms, found 3 plugins.
Preloading 0 native plugins for Editor in 0.00 ms.
Mono: successfully reloaded assembly
- Completed reload, in  1.097 seconds
Platform modules already initialized, skipping
Switching build target platform(19) subTarget(0) extendedPlatform(0) -> platform(13) subTarget(537395200) extendedPlatform(0)
Refreshing native plugins compatible for Editor in 0.49 ms, found 3 plugins.
Preloading 0 native plugins for Editor in 0.00 ms.
Unloading 2568 Unused Serialized files (Serialized files now loaded: 0)
System memory in use before: 113.9 MB.
System memory in use after: 114.0 MB.

Unloading 23 unused Assets to reduce memory usage. Loaded Objects now: 3081.
Total: 2.653400 ms (FindLiveObjects: 0.253600 ms CreateObjectMapping: 0.116300 ms MarkObjects: 2.173000 ms  DeleteObjects: 0.109600 ms)

AssetImportParameters requested are different than current active one (requested -> active):
  custom:framework-win-MediaFoundation: 216162199b28c13a410421893ffa2e32 -> 
  custom:video-decoder-ogg-theora: a1e56fd34408186e4bbccfd4996cb3dc -> 
  custom:container-muxer-webm: aa71ff27fc2769a1b78a27578f13a17b -> 
  custom:container-demuxer-webm: 4f35f7cbe854078d1ac9338744f61a02 -> 
  custom:container-demuxer-ogg: 62fdf1f143b41e24485cea50d1cbac27 -> 
  custom:video-encoder-webm-vp8: eb34c28f22e8b96e1ab97ce403110664 -> 
  custom:video-decoder-webm-vp8: 9c59270c3fd7afecdb556c50c9e8de78 -> 
  custom:graphics/normal-map-encoding: 01000000000000000000000000000000 -> 02000000000000000000000000000000
  custom:audio-decoder-ogg-vorbis: bf7c407c2cedff20999df2af8eb42d56 -> 
  custom:audio-encoder-webm-vorbis: bf7c407c2cedff20999df2af8eb42d56 -> 
========================================================================
Received Prepare
Registering precompiled user dll's ...
Registered in 0.005768 seconds.
Begin MonoManager ReloadAssembly
Native extension for WindowsStandalone target not found
Native extension for WebGL target not found
Refreshing native plugins compatible for Editor in 2.08 ms, found 3 plugins.
Preloading 0 native plugins for Editor in 0.00 ms.
Mono: successfully reloaded assembly
- Completed reload, in  1.643 seconds
Platform modules already initialized, skipping
Switching build target platform(19) subTarget(0) extendedPlatform(0) -> platform(13) subTarget(537395200) extendedPlatform(0)
Refreshing native plugins compatible for Editor in 0.89 ms, found 3 plugins.
Preloading 0 native plugins for Editor in 0.00 ms.
Unloading 2568 Unused Serialized files (Serialized files now loaded: 0)
System memory in use before: 114.0 MB.
System memory in use after: 114.0 MB.

Unloading 23 unused Assets to reduce memory usage. Loaded Objects now: 3085.
Total: 8.096100 ms (FindLiveObjects: 1.590900 ms CreateObjectMapping: 0.455100 ms MarkObjects: 5.895900 ms  DeleteObjects: 0.151700 ms)

AssetImportParameters requested are different than current active one (requested -> active):
  custom:framework-win-MediaFoundation: 216162199b28c13a410421893ffa2e32 -> 
  custom:video-decoder-ogg-theora: a1e56fd34408186e4bbccfd4996cb3dc -> 
  custom:container-muxer-webm: aa71ff27fc2769a1b78a27578f13a17b -> 
  custom:container-demuxer-webm: 4f35f7cbe854078d1ac9338744f61a02 -> 
  custom:container-demuxer-ogg: 62fdf1f143b41e24485cea50d1cbac27 -> 
  custom:video-encoder-webm-vp8: eb34c28f22e8b96e1ab97ce403110664 -> 
  custom:video-decoder-webm-vp8: 9c59270c3fd7afecdb556c50c9e8de78 -> 
  custom:graphics/normal-map-encoding: 01000000000000000000000000000000 -> 02000000000000000000000000000000
  custom:audio-decoder-ogg-vorbis: bf7c407c2cedff20999df2af8eb42d56 -> 
  custom:audio-encoder-webm-vorbis: bf7c407c2cedff20999df2af8eb42d56 -> 
========================================================================
Received Prepare
Registering precompiled user dll's ...
Registered in 0.009012 seconds.
Begin MonoManager ReloadAssembly
Native extension for WindowsStandalone target not found
Native extension for WebGL target not found
Refreshing native plugins compatible for Editor in 0.48 ms, found 3 plugins.
Preloading 0 native plugins for Editor in 0.00 ms.
Mono: successfully reloaded assembly
- Completed reload, in  1.153 seconds
Platform modules already initialized, skipping
Switching build target platform(19) subTarget(0) extendedPlatform(0) -> platform(13) subTarget(537395200) extendedPlatform(0)
Refreshing native plugins compatible for Editor in 0.50 ms, found 3 plugins.
Preloading 0 native plugins for Editor in 0.00 ms.
Unloading 2568 Unused Serialized files (Serialized files now loaded: 0)
System memory in use before: 114.0 MB.
System memory in use after: 114.0 MB.

Unloading 23 unused Assets to reduce memory usage. Loaded Objects now: 3089.
Total: 2.511700 ms (FindLiveObjects: 0.228700 ms CreateObjectMapping: 0.088500 ms MarkObjects: 2.087000 ms  DeleteObjects: 0.106800 ms)

AssetImportParameters requested are different than current active one (requested -> active):
  custom:framework-win-MediaFoundation: 216162199b28c13a410421893ffa2e32 -> 
  custom:video-decoder-ogg-theora: a1e56fd34408186e4bbccfd4996cb3dc -> 
  custom:container-muxer-webm: aa71ff27fc2769a1b78a27578f13a17b -> 
  custom:container-demuxer-webm: 4f35f7cbe854078d1ac9338744f61a02 -> 
  custom:container-demuxer-ogg: 62fdf1f143b41e24485cea50d1cbac27 -> 
  custom:video-encoder-webm-vp8: eb34c28f22e8b96e1ab97ce403110664 -> 
  custom:video-decoder-webm-vp8: 9c59270c3fd7afecdb556c50c9e8de78 -> 
  custom:graphics/normal-map-encoding: 01000000000000000000000000000000 -> 02000000000000000000000000000000
  custom:audio-decoder-ogg-vorbis: bf7c407c2cedff20999df2af8eb42d56 -> 
  custom:audio-encoder-webm-vorbis: bf7c407c2cedff20999df2af8eb42d56 -> 
========================================================================
Received Import Request.
  Time since last request: 405.882539 seconds.
  path: Assets/Scripts/BallHandler.cs
  artifactKey: Guid(17f9b8923254af442b4b9d5bd27fb247) Importer(815301076,1909f56bfc062723c751e8b465ee728b)
Start importing Assets/Scripts/BallHandler.cs using Guid(17f9b8923254af442b4b9d5bd27fb247) Importer(815301076,1909f56bfc062723c751e8b465ee728b)  -> (artifact id: 'ba24d168c0a35447d1437a955d510491') in 0.057930 seconds 
  Import took 0.062178 seconds .

========================================================================
Received Prepare
Registering precompiled user dll's ...
Registered in 0.003802 seconds.
Begin MonoManager ReloadAssembly
Native extension for WindowsStandalone target not found
Native extension for WebGL target not found
Refreshing native plugins compatible for Editor in 0.54 ms, found 3 plugins.
Preloading 0 native plugins for Editor in 0.00 ms.
Mono: successfully reloaded assembly
- Completed reload, in  1.137 seconds
Platform modules already initialized, skipping
Switching build target platform(19) subTarget(0) extendedPlatform(0) -> platform(13) subTarget(537395200) extendedPlatform(0)
Refreshing native plugins compatible for Editor in 0.47 ms, found 3 plugins.
Preloading 0 native plugins for Editor in 0.00 ms.
Unloading 2568 Unused Serialized files (Serialized files now loaded: 0)
System memory in use before: 113.9 MB.
System memory in use after: 113.9 MB.

Unloading 23 unused Assets to reduce memory usage. Loaded Objects now: 3093.
Total: 2.410800 ms (FindLiveObjects: 0.228800 ms CreateObjectMapping: 0.114300 ms MarkObjects: 1.945300 ms  DeleteObjects: 0.121800 ms)

AssetImportParameters requested are different than current active one (requested -> active):
  custom:framework-win-MediaFoundation: 216162199b28c13a410421893ffa2e32 -> 
  custom:video-decoder-ogg-theora: a1e56fd34408186e4bbccfd4996cb3dc -> 
  custom:container-muxer-webm: aa71ff27fc2769a1b78a27578f13a17b -> 
  custom:container-demuxer-webm: 4f35f7cbe854078d1ac9338744f61a02 -> 
  custom:container-demuxer-ogg: 62fdf1f143b41e24485cea50d1cbac27 -> 
  custom:video-encoder-webm-vp8: eb34c28f22e8b96e1ab97ce403110664 -> 
  custom:video-decoder-webm-vp8: 9c59270c3fd7afecdb556c50c9e8de78 -> 
  custom:graphics/normal-map-encoding: 01000000000000000000000000000000 -> 02000000000000000000000000000000
  custom:audio-decoder-ogg-vorbis: bf7c407c2cedff20999df2af8eb42d56 -> 
  custom:audio-encoder-webm-vorbis: bf7c407c2cedff20999df2af8eb42d56 -> 
========================================================================
Received Prepare
Registering precompiled user dll's ...
Registered in 0.005067 seconds.
Begin MonoManager ReloadAssembly
Native extension for WindowsStandalone target not found
Native extension for WebGL target not found
Refreshing native plugins compatible for Editor in 0.55 ms, found 3 plugins.
Preloading 0 native plugins for Editor in 0.00 ms.
Mono: successfully reloaded assembly
- Completed reload, in  1.167 seconds
Platform modules already initialized, skipping
Switching build target platform(19) subTarget(0) extendedPlatform(0) -> platform(13) subTarget(537395200) extendedPlatform(0)
Refreshing native plugins compatible for Editor in 0.48 ms, found 3 plugins.
Preloading 0 native plugins for Editor in 0.00 ms.
Unloading 2568 Unused Serialized files (Serialized files now loaded: 0)
System memory in use before: 114.0 MB.
System memory in use after: 114.1 MB.

Unloading 23 unused Assets to reduce memory usage. Loaded Objects now: 3097.
Total: 2.635900 ms (FindLiveObjects: 0.238000 ms CreateObjectMapping: 0.094200 ms MarkObjects: 2.175200 ms  DeleteObjects: 0.127500 ms)

AssetImportParameters requested are different than current active one (requested -> active):
  custom:framework-win-MediaFoundation: 216162199b28c13a410421893ffa2e32 -> 
  custom:video-decoder-ogg-theora: a1e56fd34408186e4bbccfd4996cb3dc -> 
  custom:container-muxer-webm: aa71ff27fc2769a1b78a27578f13a17b -> 
  custom:container-demuxer-webm: 4f35f7cbe854078d1ac9338744f61a02 -> 
  custom:container-demuxer-ogg: 62fdf1f143b41e24485cea50d1cbac27 -> 
  custom:video-encoder-webm-vp8: eb34c28f22e8b96e1ab97ce403110664 -> 
  custom:video-decoder-webm-vp8: 9c59270c3fd7afecdb556c50c9e8de78 -> 
  custom:graphics/normal-map-encoding: 01000000000000000000000000000000 -> 02000000000000000000000000000000
  custom:audio-decoder-ogg-vorbis: bf7c407c2cedff20999df2af8eb42d56 -> 
  custom:audio-encoder-webm-vorbis: bf7c407c2cedff20999df2af8eb42d56 -> 
========================================================================
Received Import Request.
  Time since last request: 320.124991 seconds.
  path: Assets/Painted HQ 2D Forest Medieval Background
  artifactKey: Guid(5d8daa401ee54c044910bc0d7a0a6cc8) Importer(815301076,1909f56bfc062723c751e8b465ee728b)
Start importing Assets/Painted HQ 2D Forest Medieval Background using Guid(5d8daa401ee54c044910bc0d7a0a6cc8) Importer(815301076,1909f56bfc062723c751e8b465ee728b)  -> (artifact id: '1f2149c3eca9d7c4a28fcd66b3a0b60f') in 0.012933 seconds 
  Import took 0.018184 seconds .

========================================================================
Received Import Request.
  Time since last request: 16.317777 seconds.
  path: Assets/Painted HQ 2D Forest Medieval Background/day/cloud01.png
  artifactKey: Guid(d083d3f17cd7d0b4baedc62d855471c8) Importer(815301076,1909f56bfc062723c751e8b465ee728b)
Start importing Assets/Painted HQ 2D Forest Medieval Background/day/cloud01.png using Guid(d083d3f17cd7d0b4baedc62d855471c8) Importer(815301076,1909f56bfc062723c751e8b465ee728b)  -> (artifact id: '90b1ed3109c4da20311c64fcb0fa8aa9') in 0.155760 seconds 
  Import took 0.161176 seconds .

========================================================================
Received Import Request.
  Time since last request: 14.079298 seconds.
  path: Assets/Painted HQ 2D Forest Medieval Background/day/sky.png
  artifactKey: Guid(70e32caafad415e489dea7aa867977e0) Importer(815301076,1909f56bfc062723c751e8b465ee728b)
Start importing Assets/Painted HQ 2D Forest Medieval Background/day/sky.png using Guid(70e32caafad415e489dea7aa867977e0) Importer(815301076,1909f56bfc062723c751e8b465ee728b)  -> (artifact id: 'fbe6bcf8c5fde94f7cf6fbce9981b66f') in 0.053229 seconds 
  Import took 0.057078 seconds .

========================================================================
Received Import Request.
  Time since last request: 1.208006 seconds.
  path: Assets/Painted HQ 2D Forest Medieval Background/day/mountain02.png
  artifactKey: Guid(bf66f81ff5312b0468db46a55bc8b271) Importer(815301076,1909f56bfc062723c751e8b465ee728b)
Start importing Assets/Painted HQ 2D Forest Medieval Background/day/mountain02.png using Guid(bf66f81ff5312b0468db46a55bc8b271) Importer(815301076,1909f56bfc062723c751e8b465ee728b)  -> (artifact id: '7f54b35d6c7da0432731a42635de023b') in 0.032955 seconds 
  Import took 0.037602 seconds .

========================================================================
Received Import Request.
  Time since last request: 0.376142 seconds.
  path: Assets/Painted HQ 2D Forest Medieval Background/day/mountain01.png
  artifactKey: Guid(63bd50a6c3fd26b439c10e599e94b853) Importer(815301076,1909f56bfc062723c751e8b465ee728b)
Start importing Assets/Painted HQ 2D Forest Medieval Background/day/mountain01.png using Guid(63bd50a6c3fd26b439c10e599e94b853) Importer(815301076,1909f56bfc062723c751e8b465ee728b)  -> (artifact id: '87c0f379b99cc1ef2b2bdb6f6949851e') in 0.021281 seconds 
  Import took 0.026585 seconds .

========================================================================
Received Import Request.
  Time since last request: 0.001424 seconds.
  path: Assets/Painted HQ 2D Forest Medieval Background/day/mountain01.png
  artifactKey: Guid(63bd50a6c3fd26b439c10e599e94b853) Importer(815301076,1909f56bfc062723c751e8b465ee728b)
Start importing Assets/Painted HQ 2D Forest Medieval Background/day/mountain01.png using Guid(63bd50a6c3fd26b439c10e599e94b853) Importer(815301076,1909f56bfc062723c751e8b465ee728b)  -> (artifact id: '87c0f379b99cc1ef2b2bdb6f6949851e') in 0.017775 seconds 
  Import took 0.022693 seconds .

========================================================================
Received Import Request.
  Time since last request: 0.270776 seconds.
  path: Assets/Painted HQ 2D Forest Medieval Background/day/cloud03.png
  artifactKey: Guid(b2e7ab64fd7eb364ab7451d09f294367) Importer(815301076,1909f56bfc062723c751e8b465ee728b)
Start importing Assets/Painted HQ 2D Forest Medieval Background/day/cloud03.png using Guid(b2e7ab64fd7eb364ab7451d09f294367) Importer(815301076,1909f56bfc062723c751e8b465ee728b)  -> (artifact id: '37f583436846e8682bdb477fc8862458') in 0.021826 seconds 
  Import took 0.027992 seconds .

========================================================================
Received Import Request.
  Time since last request: 0.002471 seconds.
  path: Assets/Painted HQ 2D Forest Medieval Background/day/cloud03.png
  artifactKey: Guid(b2e7ab64fd7eb364ab7451d09f294367) Importer(815301076,1909f56bfc062723c751e8b465ee728b)
Start importing Assets/Painted HQ 2D Forest Medieval Background/day/cloud03.png using Guid(b2e7ab64fd7eb364ab7451d09f294367) Importer(815301076,1909f56bfc062723c751e8b465ee728b)  -> (artifact id: '37f583436846e8682bdb477fc8862458') in 0.020142 seconds 
  Import took 0.024672 seconds .

========================================================================
Received Import Request.
  Time since last request: 0.419216 seconds.
  path: Assets/Painted HQ 2D Forest Medieval Background/day/cloud02.png
  artifactKey: Guid(5f9e50fddcbd27747be4ff005e67979b) Importer(815301076,1909f56bfc062723c751e8b465ee728b)
Start importing Assets/Painted HQ 2D Forest Medieval Background/day/cloud02.png using Guid(5f9e50fddcbd27747be4ff005e67979b) Importer(815301076,1909f56bfc062723c751e8b465ee728b)  -> (artifact id: '3b1f329d0c374376382951563c0b63d9') in 0.017711 seconds 
  Import took 0.022195 seconds .

========================================================================
Received Import Request.
  Time since last request: 2.187574 seconds.
  path: Assets/Painted HQ 2D Forest Medieval Background/Examples
  artifactKey: Guid(7a5ecea6fea8ed342a104305af699a40) Importer(815301076,1909f56bfc062723c751e8b465ee728b)
Start importing Assets/Painted HQ 2D Forest Medieval Background/Examples using Guid(7a5ecea6fea8ed342a104305af699a40) Importer(815301076,1909f56bfc062723c751e8b465ee728b)  -> (artifact id: 'bdd1e9cdb5bc6ebc3b5865115c763018') in 0.010696 seconds 
  Import took 0.017424 seconds .

========================================================================
Received Import Request.
  Time since last request: 0.462520 seconds.
  path: Assets/Painted HQ 2D Forest Medieval Background/evening
  artifactKey: Guid(3e873d0fc06f8ca4a99b2323fdbf7577) Importer(815301076,1909f56bfc062723c751e8b465ee728b)
Start importing Assets/Painted HQ 2D Forest Medieval Background/evening using Guid(3e873d0fc06f8ca4a99b2323fdbf7577) Importer(815301076,1909f56bfc062723c751e8b465ee728b)  -> (artifact id: '6d999c4fd85625eeda539396fe569523') in 0.006148 seconds 
  Import took 0.010499 seconds .

========================================================================
Received Import Request.
  Time since last request: 4.355168 seconds.
  path: Assets/Painted HQ 2D Forest Medieval Background/Examples/Scene.unity
  artifactKey: Guid(1ca1e548c6c0a7940acee6009006bc9b) Importer(815301076,1909f56bfc062723c751e8b465ee728b)
Start importing Assets/Painted HQ 2D Forest Medieval Background/Examples/Scene.unity using Guid(1ca1e548c6c0a7940acee6009006bc9b) Importer(815301076,1909f56bfc062723c751e8b465ee728b)  -> (artifact id: 'b54d8ef9aa6056a2b7dc5c904799798b') in 0.007026 seconds 
  Import took 0.011606 seconds .

========================================================================
Received Import Request.
  Time since last request: 45.453127 seconds.
  path: Assets/Prefabs/Backgrounds
  artifactKey: Guid(0420aabb6e5c02a479a540886247d6f6) Importer(815301076,1909f56bfc062723c751e8b465ee728b)
Start importing Assets/Prefabs/Backgrounds using Guid(0420aabb6e5c02a479a540886247d6f6) Importer(815301076,1909f56bfc062723c751e8b465ee728b)  -> (artifact id: '4b6d316e9398a5603465c1469d7147be') in 0.006357 seconds 
  Import took 0.011510 seconds .

========================================================================
Received Import Request.
  Time since last request: 2.748331 seconds.
  path: Assets/Prefabs/Backgrounds/EveningBackground1.prefab
  artifactKey: Guid(854c258112abfe246875df60a7f1fa1c) Importer(815301076,1909f56bfc062723c751e8b465ee728b)
Start importing Assets/Prefabs/Backgrounds/EveningBackground1.prefab using Guid(854c258112abfe246875df60a7f1fa1c) Importer(815301076,1909f56bfc062723c751e8b465ee728b)  -> (artifact id: '51100e6cc397ac4779e360468caf149e') in 0.082045 seconds 
  Import took 0.087430 seconds .

========================================================================
Received Import Request.
  Time since last request: 4.571377 seconds.
  path: Assets/Scenes
  artifactKey: Guid(9930f1bf743154a4897a21b34eff76a8) Importer(815301076,1909f56bfc062723c751e8b465ee728b)
Start importing Assets/Scenes using Guid(9930f1bf743154a4897a21b34eff76a8) Importer(815301076,1909f56bfc062723c751e8b465ee728b)  -> (artifact id: 'ced909c7d5804e694ab26ab4decef7f2') in 0.007217 seconds 
  Import took 0.012884 seconds .

========================================================================
Received Import Request.
  Time since last request: 1.037886 seconds.
  path: Assets/Scenes/SampleScene.unity
  artifactKey: Guid(2cda990e2423bbf4892e6590ba056729) Importer(815301076,1909f56bfc062723c751e8b465ee728b)
Start importing Assets/Scenes/SampleScene.unity using Guid(2cda990e2423bbf4892e6590ba056729) Importer(815301076,1909f56bfc062723c751e8b465ee728b)  -> (artifact id: '8c303742af70162b994f44ba9f2adfb8') in 0.009070 seconds 
  Import took 0.021918 seconds .

========================================================================
Received Import Request.
  Time since last request: 136.724557 seconds.
  path: Assets/Painted HQ 2D Forest Medieval Background/day
  artifactKey: Guid(be61884b24a259649bc5e023ef71227e) Importer(815301076,1909f56bfc062723c751e8b465ee728b)
Start importing Assets/Painted HQ 2D Forest Medieval Background/day using Guid(be61884b24a259649bc5e023ef71227e) Importer(815301076,1909f56bfc062723c751e8b465ee728b)  -> (artifact id: '1c81aa7d22bc14f018d6f7b9851b7887') in 0.017009 seconds 
  Import took 0.023490 seconds .

========================================================================
Received Import Request.
  Time since last request: 73.705725 seconds.
  path: Assets/Painted HQ 2D Forest Medieval Background/day/mountain01.png
  artifactKey: Guid(63bd50a6c3fd26b439c10e599e94b853) Importer(815301076,1909f56bfc062723c751e8b465ee728b)
Start importing Assets/Painted HQ 2D Forest Medieval Background/day/mountain01.png using Guid(63bd50a6c3fd26b439c10e599e94b853) Importer(815301076,1909f56bfc062723c751e8b465ee728b)  -> (artifact id: 'b3b6848bdc49ee631c4e9917436bc9e4') in 0.032481 seconds 
  Import took 0.037184 seconds .

========================================================================
Received Import Request.
  Time since last request: 11.870796 seconds.
  path: Assets/Painted HQ 2D Forest Medieval Background/day/mountain01.png
  artifactKey: Guid(63bd50a6c3fd26b439c10e599e94b853) Importer(815301076,1909f56bfc062723c751e8b465ee728b)
Start importing Assets/Painted HQ 2D Forest Medieval Background/day/mountain01.png using Guid(63bd50a6c3fd26b439c10e599e94b853) Importer(815301076,1909f56bfc062723c751e8b465ee728b)  -> (artifact id: 'e615647f77834e04efe4bfef2df4ccb8') in 0.020720 seconds 
  Import took 0.027269 seconds .

========================================================================
Received Import Request.
  Time since last request: 3.376343 seconds.
  path: Assets/Painted HQ 2D Forest Medieval Background/day/mountain01.png
  artifactKey: Guid(63bd50a6c3fd26b439c10e599e94b853) Importer(815301076,1909f56bfc062723c751e8b465ee728b)
Start importing Assets/Painted HQ 2D Forest Medieval Background/day/mountain01.png using Guid(63bd50a6c3fd26b439c10e599e94b853) Importer(815301076,1909f56bfc062723c751e8b465ee728b)  -> (artifact id: '7a4b997cbfc62cce09b533d4e2cb8f8b') in 0.018150 seconds 
  Import took 0.023729 seconds .

========================================================================
Received Import Request.
  Time since last request: 37.233462 seconds.
  path: Assets/Painted HQ 2D Forest Medieval Background/day/mountain01.png
  artifactKey: Guid(63bd50a6c3fd26b439c10e599e94b853) Importer(815301076,1909f56bfc062723c751e8b465ee728b)
Start importing Assets/Painted HQ 2D Forest Medieval Background/day/mountain01.png using Guid(63bd50a6c3fd26b439c10e599e94b853) Importer(815301076,1909f56bfc062723c751e8b465ee728b)  -> (artifact id: '8fe8268fe1c61062a7d19e36e15a7ff8') in 0.015644 seconds 
  Import took 0.019928 seconds .

========================================================================
Received Import Request.
  Time since last request: 12.858449 seconds.
  path: Assets/Painted HQ 2D Forest Medieval Background/day/mountain01.png
  artifactKey: Guid(63bd50a6c3fd26b439c10e599e94b853) Importer(815301076,1909f56bfc062723c751e8b465ee728b)
Start importing Assets/Painted HQ 2D Forest Medieval Background/day/mountain01.png using Guid(63bd50a6c3fd26b439c10e599e94b853) Importer(815301076,1909f56bfc062723c751e8b465ee728b)  -> (artifact id: '154ccb2f2351216b4dddf10a9caabb28') in 0.022278 seconds 
  Import took 0.027102 seconds .

========================================================================
Received Import Request.
  Time since last request: 91.851075 seconds.
  path: Assets/Painted HQ 2D Forest Medieval Background/day/mountain01.png
  artifactKey: Guid(63bd50a6c3fd26b439c10e599e94b853) Importer(815301076,1909f56bfc062723c751e8b465ee728b)
Start importing Assets/Painted HQ 2D Forest Medieval Background/day/mountain01.png using Guid(63bd50a6c3fd26b439c10e599e94b853) Importer(815301076,1909f56bfc062723c751e8b465ee728b)  -> (artifact id: '4624d4ea5c35780071ea115af0b6d52b') in 0.022840 seconds 
  Import took 0.029550 seconds .

========================================================================
Received Import Request.
  Time since last request: 9.229373 seconds.
  path: Assets/Painted HQ 2D Forest Medieval Background/day/mountain01.png
  artifactKey: Guid(63bd50a6c3fd26b439c10e599e94b853) Importer(815301076,1909f56bfc062723c751e8b465ee728b)
Start importing Assets/Painted HQ 2D Forest Medieval Background/day/mountain01.png using Guid(63bd50a6c3fd26b439c10e599e94b853) Importer(815301076,1909f56bfc062723c751e8b465ee728b)  -> (artifact id: 'bd7d7a0145b09b7c0b10bef10edf7f70') in 0.020972 seconds 
  Import took 0.025896 seconds .

========================================================================
Received Prepare
Registering precompiled user dll's ...
Registered in 0.008762 seconds.
Begin MonoManager ReloadAssembly
Native extension for WindowsStandalone target not found
Native extension for WebGL target not found
Refreshing native plugins compatible for Editor in 0.49 ms, found 3 plugins.
Preloading 0 native plugins for Editor in 0.00 ms.
Mono: successfully reloaded assembly
- Completed reload, in  1.171 seconds
Platform modules already initialized, skipping
Switching build target platform(19) subTarget(0) extendedPlatform(0) -> platform(13) subTarget(537395200) extendedPlatform(0)
Refreshing native plugins compatible for Editor in 1.64 ms, found 3 plugins.
Preloading 0 native plugins for Editor in 0.00 ms.
Unloading 2568 Unused Serialized files (Serialized files now loaded: 0)
System memory in use before: 114.0 MB.
System memory in use after: 114.1 MB.

Unloading 23 unused Assets to reduce memory usage. Loaded Objects now: 3115.
Total: 4.995300 ms (FindLiveObjects: 1.133800 ms CreateObjectMapping: 0.160200 ms MarkObjects: 3.576200 ms  DeleteObjects: 0.119900 ms)

AssetImportParameters requested are different than current active one (requested -> active):
  custom:framework-win-MediaFoundation: 216162199b28c13a410421893ffa2e32 -> 
  custom:video-decoder-ogg-theora: a1e56fd34408186e4bbccfd4996cb3dc -> 
  custom:container-muxer-webm: aa71ff27fc2769a1b78a27578f13a17b -> 
  custom:container-demuxer-webm: 4f35f7cbe854078d1ac9338744f61a02 -> 
  custom:container-demuxer-ogg: 62fdf1f143b41e24485cea50d1cbac27 -> 
  custom:video-encoder-webm-vp8: eb34c28f22e8b96e1ab97ce403110664 -> 
  custom:video-decoder-webm-vp8: 9c59270c3fd7afecdb556c50c9e8de78 -> 
  custom:graphics/normal-map-encoding: 01000000000000000000000000000000 -> 02000000000000000000000000000000
  custom:audio-decoder-ogg-vorbis: bf7c407c2cedff20999df2af8eb42d56 -> 
  custom:audio-encoder-webm-vorbis: bf7c407c2cedff20999df2af8eb42d56 -> 
========================================================================
Received Prepare
Registering precompiled user dll's ...
Registered in 0.022931 seconds.
Begin MonoManager ReloadAssembly
Native extension for WindowsStandalone target not found
Native extension for WebGL target not found
Refreshing native plugins compatible for Editor in 0.52 ms, found 3 plugins.
Preloading 0 native plugins for Editor in 0.00 ms.
Mono: successfully reloaded assembly
- Completed reload, in  1.212 seconds
Platform modules already initialized, skipping
Switching build target platform(19) subTarget(0) extendedPlatform(0) -> platform(13) subTarget(537395200) extendedPlatform(0)
Refreshing native plugins compatible for Editor in 0.50 ms, found 3 plugins.
Preloading 0 native plugins for Editor in 0.00 ms.
Unloading 2568 Unused Serialized files (Serialized files now loaded: 0)
System memory in use before: 114.1 MB.
System memory in use after: 114.1 MB.

Unloading 23 unused Assets to reduce memory usage. Loaded Objects now: 3119.
Total: 2.710400 ms (FindLiveObjects: 0.264300 ms CreateObjectMapping: 0.099600 ms MarkObjects: 2.171700 ms  DeleteObjects: 0.173900 ms)

AssetImportParameters requested are different than current active one (requested -> active):
  custom:framework-win-MediaFoundation: 216162199b28c13a410421893ffa2e32 -> 
  custom:video-decoder-ogg-theora: a1e56fd34408186e4bbccfd4996cb3dc -> 
  custom:container-muxer-webm: aa71ff27fc2769a1b78a27578f13a17b -> 
  custom:container-demuxer-webm: 4f35f7cbe854078d1ac9338744f61a02 -> 
  custom:container-demuxer-ogg: 62fdf1f143b41e24485cea50d1cbac27 -> 
  custom:video-encoder-webm-vp8: eb34c28f22e8b96e1ab97ce403110664 -> 
  custom:video-decoder-webm-vp8: 9c59270c3fd7afecdb556c50c9e8de78 -> 
  custom:graphics/normal-map-encoding: 01000000000000000000000000000000 -> 02000000000000000000000000000000
  custom:audio-decoder-ogg-vorbis: bf7c407c2cedff20999df2af8eb42d56 -> 
  custom:audio-encoder-webm-vorbis: bf7c407c2cedff20999df2af8eb42d56 -> 
========================================================================
Received Import Request.
  Time since last request: 351.809255 seconds.
  path: Assets/Brackeys
  artifactKey: Guid(c67dd3e6621a76a48a75550e2148be80) Importer(815301076,1909f56bfc062723c751e8b465ee728b)
Start importing Assets/Brackeys using Guid(c67dd3e6621a76a48a75550e2148be80) Importer(815301076,1909f56bfc062723c751e8b465ee728b)  -> (artifact id: '3e1fbec86da76d0ae7ab8a7ce5206b7b') in 0.018985 seconds 
  Import took 0.022724 seconds .

========================================================================
Received Import Request.
  Time since last request: 1.938276 seconds.
  path: Assets/Brackeys/2D Mega Pack
  artifactKey: Guid(3f97bd75468a3704282bde6d8dcfaaba) Importer(815301076,1909f56bfc062723c751e8b465ee728b)
Start importing Assets/Brackeys/2D Mega Pack using Guid(3f97bd75468a3704282bde6d8dcfaaba) Importer(815301076,1909f56bfc062723c751e8b465ee728b)  -> (artifact id: '50f6e0183897359bb165072dce2472bf') in 0.006837 seconds 
  Import took 0.011361 seconds .

========================================================================
Received Import Request.
  Time since last request: 1.214570 seconds.
  path: Assets/Brackeys/2D Mega Pack/Backgrounds
  artifactKey: Guid(32a6e3a01c461144e9231f98f40d26e1) Importer(815301076,1909f56bfc062723c751e8b465ee728b)
Start importing Assets/Brackeys/2D Mega Pack/Backgrounds using Guid(32a6e3a01c461144e9231f98f40d26e1) Importer(815301076,1909f56bfc062723c751e8b465ee728b)  -> (artifact id: 'e5ba6b3d5edc39f250ff43bb95e54dbe') in 0.003262 seconds 
  Import took 0.008481 seconds .

========================================================================
Received Import Request.
  Time since last request: 1.833645 seconds.
  path: Assets/Brackeys/2D Mega Pack/Backgrounds/ArcadeGreyBackground.png
  artifactKey: Guid(730c911464148054487bb3efd7ef0d07) Importer(815301076,1909f56bfc062723c751e8b465ee728b)
Start importing Assets/Brackeys/2D Mega Pack/Backgrounds/ArcadeGreyBackground.png using Guid(730c911464148054487bb3efd7ef0d07) Importer(815301076,1909f56bfc062723c751e8b465ee728b)  -> (artifact id: '37d754c6919fc64ca8791adfdf5e5397') in 0.049109 seconds 
  Import took 0.053110 seconds .

========================================================================
Received Import Request.
  Time since last request: 0.002227 seconds.
  path: Assets/Brackeys/2D Mega Pack/Backgrounds/ArcadeGreyBackground.png
  artifactKey: Guid(730c911464148054487bb3efd7ef0d07) Importer(815301076,1909f56bfc062723c751e8b465ee728b)
Start importing Assets/Brackeys/2D Mega Pack/Backgrounds/ArcadeGreyBackground.png using Guid(730c911464148054487bb3efd7ef0d07) Importer(815301076,1909f56bfc062723c751e8b465ee728b)  -> (artifact id: '37d754c6919fc64ca8791adfdf5e5397') in 0.014993 seconds 
  Import took 0.018805 seconds .

========================================================================
Received Import Request.
  Time since last request: 1.610459 seconds.
  path: Assets/Brackeys/2D Mega Pack/Backgrounds/BlueBackground.png
  artifactKey: Guid(10ebe7a8e14363545946d5a92ac0bcb0) Importer(815301076,1909f56bfc062723c751e8b465ee728b)
Start importing Assets/Brackeys/2D Mega Pack/Backgrounds/BlueBackground.png using Guid(10ebe7a8e14363545946d5a92ac0bcb0) Importer(815301076,1909f56bfc062723c751e8b465ee728b)  -> (artifact id: '31ca25156418480eedf78dcdf8e9a3cd') in 0.020172 seconds 
  Import took 0.025173 seconds .

========================================================================
Received Import Request.
  Time since last request: 0.000830 seconds.
  path: Assets/Brackeys/2D Mega Pack/Backgrounds/BlueBackground.png
  artifactKey: Guid(10ebe7a8e14363545946d5a92ac0bcb0) Importer(815301076,1909f56bfc062723c751e8b465ee728b)
Start importing Assets/Brackeys/2D Mega Pack/Backgrounds/BlueBackground.png using Guid(10ebe7a8e14363545946d5a92ac0bcb0) Importer(815301076,1909f56bfc062723c751e8b465ee728b)  -> (artifact id: '31ca25156418480eedf78dcdf8e9a3cd') in 0.015539 seconds 
  Import took 0.019489 seconds .

========================================================================
Received Import Request.
  Time since last request: 0.860901 seconds.
  path: Assets/Brackeys/2D Mega Pack/Backgrounds/BrickBackground.png
  artifactKey: Guid(fdfb3796a96b09f45b7ed20555d95926) Importer(815301076,1909f56bfc062723c751e8b465ee728b)
Start importing Assets/Brackeys/2D Mega Pack/Backgrounds/BrickBackground.png using Guid(fdfb3796a96b09f45b7ed20555d95926) Importer(815301076,1909f56bfc062723c751e8b465ee728b)  -> (artifact id: 'f858c8f0a1da75666360f5efcec367f8') in 0.024230 seconds 
  Import took 0.028029 seconds .

========================================================================
Received Import Request.
  Time since last request: 0.980799 seconds.
  path: Assets/Brackeys/2D Mega Pack/Backgrounds/DarkBackground.png
  artifactKey: Guid(50d72038d4682bd408a711176db21098) Importer(815301076,1909f56bfc062723c751e8b465ee728b)
Start importing Assets/Brackeys/2D Mega Pack/Backgrounds/DarkBackground.png using Guid(50d72038d4682bd408a711176db21098) Importer(815301076,1909f56bfc062723c751e8b465ee728b)  -> (artifact id: 'f3097215247d20faaf40cbe18c585a2d') in 0.033536 seconds 
  Import took 0.038424 seconds .

========================================================================
Received Import Request.
  Time since last request: 5.008938 seconds.
  path: Assets/Brackeys/2D Mega Pack/Backgrounds/DustyBackground.png
  artifactKey: Guid(921dcff1d0da9eb409b4b461084190e2) Importer(815301076,1909f56bfc062723c751e8b465ee728b)
Start importing Assets/Brackeys/2D Mega Pack/Backgrounds/DustyBackground.png using Guid(921dcff1d0da9eb409b4b461084190e2) Importer(815301076,1909f56bfc062723c751e8b465ee728b)  -> (artifact id: 'fa8407283a3578da3cf9210b59692e9e') in 0.034870 seconds 
  Import took 0.043181 seconds .

========================================================================
Received Import Request.
  Time since last request: 0.634505 seconds.
  path: Assets/Brackeys/2D Mega Pack/Backgrounds/FieldBackground.png
  artifactKey: Guid(816d352463058f7488a74e1e59af50f1) Importer(815301076,1909f56bfc062723c751e8b465ee728b)
Start importing Assets/Brackeys/2D Mega Pack/Backgrounds/FieldBackground.png using Guid(816d352463058f7488a74e1e59af50f1) Importer(815301076,1909f56bfc062723c751e8b465ee728b)  -> (artifact id: '12081f8dd62195f7d1098a7872faff11') in 0.015059 seconds 
  Import took 0.019434 seconds .

========================================================================
Received Import Request.
  Time since last request: 0.479286 seconds.
  path: Assets/Brackeys/2D Mega Pack/Backgrounds/GreenBackground.png
  artifactKey: Guid(79dfa877bf28eca4e9f85bd1cadf6202) Importer(815301076,1909f56bfc062723c751e8b465ee728b)
Start importing Assets/Brackeys/2D Mega Pack/Backgrounds/GreenBackground.png using Guid(79dfa877bf28eca4e9f85bd1cadf6202) Importer(815301076,1909f56bfc062723c751e8b465ee728b)  -> (artifact id: 'e0b6b569691cf2ef0f68073c25c14e9e') in 0.025127 seconds 
  Import took 0.029288 seconds .

========================================================================
Received Import Request.
  Time since last request: 18.432353 seconds.
  path: Assets/Brackeys/2D Mega Pack/Backgrounds/SkyBackground.png
  artifactKey: Guid(bb7547187a9980a4694d9a520186d028) Importer(815301076,1909f56bfc062723c751e8b465ee728b)
Start importing Assets/Brackeys/2D Mega Pack/Backgrounds/SkyBackground.png using Guid(bb7547187a9980a4694d9a520186d028) Importer(815301076,1909f56bfc062723c751e8b465ee728b)  -> (artifact id: '134cfd89fd1bb33cdd97f8e13bc6ee0c') in 0.026178 seconds 
  Import took 0.031228 seconds .

========================================================================
Received Import Request.
  Time since last request: 13.556223 seconds.
  path: Assets/Brackeys/2D Mega Pack/UI
  artifactKey: Guid(72216c93e9f14c241a16086054be5744) Importer(815301076,1909f56bfc062723c751e8b465ee728b)
Start importing Assets/Brackeys/2D Mega Pack/UI using Guid(72216c93e9f14c241a16086054be5744) Importer(815301076,1909f56bfc062723c751e8b465ee728b)  -> (artifact id: 'a996c33eef1719e295a90cbaa8fdb9c0') in 0.016157 seconds 
  Import took 0.022029 seconds .

========================================================================
Received Prepare
Registering precompiled user dll's ...
Registered in 0.003651 seconds.
Begin MonoManager ReloadAssembly
Native extension for WindowsStandalone target not found
Native extension for WebGL target not found
Refreshing native plugins compatible for Editor in 0.73 ms, found 3 plugins.
Preloading 0 native plugins for Editor in 0.00 ms.
Mono: successfully reloaded assembly
- Completed reload, in  1.096 seconds
Platform modules already initialized, skipping
Switching build target platform(19) subTarget(0) extendedPlatform(0) -> platform(13) subTarget(537395200) extendedPlatform(0)
Refreshing native plugins compatible for Editor in 0.45 ms, found 3 plugins.
Preloading 0 native plugins for Editor in 0.00 ms.
Unloading 2568 Unused Serialized files (Serialized files now loaded: 0)
System memory in use before: 114.1 MB.
System memory in use after: 114.1 MB.

Unloading 23 unused Assets to reduce memory usage. Loaded Objects now: 3127.
Total: 2.309300 ms (FindLiveObjects: 0.203700 ms CreateObjectMapping: 0.088300 ms MarkObjects: 1.873300 ms  DeleteObjects: 0.143200 ms)

AssetImportParameters requested are different than current active one (requested -> active):
  custom:framework-win-MediaFoundation: 216162199b28c13a410421893ffa2e32 -> 
  custom:video-decoder-ogg-theora: a1e56fd34408186e4bbccfd4996cb3dc -> 
  custom:container-muxer-webm: aa71ff27fc2769a1b78a27578f13a17b -> 
  custom:container-demuxer-webm: 4f35f7cbe854078d1ac9338744f61a02 -> 
  custom:container-demuxer-ogg: 62fdf1f143b41e24485cea50d1cbac27 -> 
  custom:video-encoder-webm-vp8: eb34c28f22e8b96e1ab97ce403110664 -> 
  custom:video-decoder-webm-vp8: 9c59270c3fd7afecdb556c50c9e8de78 -> 
  custom:graphics/normal-map-encoding: 01000000000000000000000000000000 -> 02000000000000000000000000000000
  custom:audio-decoder-ogg-vorbis: bf7c407c2cedff20999df2af8eb42d56 -> 
  custom:audio-encoder-webm-vorbis: bf7c407c2cedff20999df2af8eb42d56 -> 
========================================================================
Received Import Request.
  Time since last request: 192.429502 seconds.
  path: Assets/Brackeys/2D Mega Pack/UI/IconBox.png
  artifactKey: Guid(418d638d3bbaa6f4b82cd8c785a73ff7) Importer(815301076,1909f56bfc062723c751e8b465ee728b)
Start importing Assets/Brackeys/2D Mega Pack/UI/IconBox.png using Guid(418d638d3bbaa6f4b82cd8c785a73ff7) Importer(815301076,1909f56bfc062723c751e8b465ee728b)  -> (artifact id: '9510d135f43fcf20ae7e6cb41c99a127') in 0.058363 seconds 
  Import took 0.063666 seconds .

========================================================================
Received Prepare
Registering precompiled user dll's ...
Registered in 0.004014 seconds.
Begin MonoManager ReloadAssembly
Native extension for WindowsStandalone target not found
Native extension for WebGL target not found
Refreshing native plugins compatible for Editor in 0.52 ms, found 3 plugins.
Preloading 0 native plugins for Editor in 0.00 ms.
Mono: successfully reloaded assembly
- Completed reload, in  1.182 seconds
Platform modules already initialized, skipping
Switching build target platform(19) subTarget(0) extendedPlatform(0) -> platform(13) subTarget(537395200) extendedPlatform(0)
Refreshing native plugins compatible for Editor in 0.57 ms, found 3 plugins.
Preloading 0 native plugins for Editor in 0.00 ms.
Unloading 2568 Unused Serialized files (Serialized files now loaded: 0)
System memory in use before: 114.0 MB.
System memory in use after: 114.1 MB.

Unloading 23 unused Assets to reduce memory usage. Loaded Objects now: 3134.
Total: 2.555100 ms (FindLiveObjects: 0.210500 ms CreateObjectMapping: 0.090500 ms MarkObjects: 2.152900 ms  DeleteObjects: 0.100500 ms)

AssetImportParameters requested are different than current active one (requested -> active):
  custom:framework-win-MediaFoundation: 216162199b28c13a410421893ffa2e32 -> 
  custom:video-decoder-ogg-theora: a1e56fd34408186e4bbccfd4996cb3dc -> 
  custom:container-muxer-webm: aa71ff27fc2769a1b78a27578f13a17b -> 
  custom:container-demuxer-webm: 4f35f7cbe854078d1ac9338744f61a02 -> 
  custom:container-demuxer-ogg: 62fdf1f143b41e24485cea50d1cbac27 -> 
  custom:video-encoder-webm-vp8: eb34c28f22e8b96e1ab97ce403110664 -> 
  custom:video-decoder-webm-vp8: 9c59270c3fd7afecdb556c50c9e8de78 -> 
  custom:graphics/normal-map-encoding: 01000000000000000000000000000000 -> 02000000000000000000000000000000
  custom:audio-decoder-ogg-vorbis: bf7c407c2cedff20999df2af8eb42d56 -> 
  custom:audio-encoder-webm-vorbis: bf7c407c2cedff20999df2af8eb42d56 -> 
========================================================================
Received Prepare
Registering precompiled user dll's ...
Registered in 0.003661 seconds.
Begin MonoManager ReloadAssembly
Native extension for WindowsStandalone target not found
Native extension for WebGL target not found
Refreshing native plugins compatible for Editor in 0.63 ms, found 3 plugins.
Preloading 0 native plugins for Editor in 0.00 ms.
Mono: successfully reloaded assembly
- Completed reload, in  1.153 seconds
Platform modules already initialized, skipping
Switching build target platform(19) subTarget(0) extendedPlatform(0) -> platform(13) subTarget(537395200) extendedPlatform(0)
Refreshing native plugins compatible for Editor in 0.47 ms, found 3 plugins.
Preloading 0 native plugins for Editor in 0.00 ms.
Unloading 2568 Unused Serialized files (Serialized files now loaded: 0)
System memory in use before: 114.1 MB.
System memory in use after: 114.2 MB.

Unloading 23 unused Assets to reduce memory usage. Loaded Objects now: 3138.
Total: 2.556800 ms (FindLiveObjects: 0.218900 ms CreateObjectMapping: 0.100900 ms MarkObjects: 2.078900 ms  DeleteObjects: 0.157400 ms)

AssetImportParameters requested are different than current active one (requested -> active):
  custom:framework-win-MediaFoundation: 216162199b28c13a410421893ffa2e32 -> 
  custom:video-decoder-ogg-theora: a1e56fd34408186e4bbccfd4996cb3dc -> 
  custom:container-muxer-webm: aa71ff27fc2769a1b78a27578f13a17b -> 
  custom:container-demuxer-webm: 4f35f7cbe854078d1ac9338744f61a02 -> 
  custom:container-demuxer-ogg: 62fdf1f143b41e24485cea50d1cbac27 -> 
  custom:video-encoder-webm-vp8: eb34c28f22e8b96e1ab97ce403110664 -> 
  custom:video-decoder-webm-vp8: 9c59270c3fd7afecdb556c50c9e8de78 -> 
  custom:graphics/normal-map-encoding: 01000000000000000000000000000000 -> 02000000000000000000000000000000
  custom:audio-decoder-ogg-vorbis: bf7c407c2cedff20999df2af8eb42d56 -> 
  custom:audio-encoder-webm-vorbis: bf7c407c2cedff20999df2af8eb42d56 -> 
AssetImportWorkerClient::OnTransportError - code=2 error=End of file
